<?xml version="1.0" encoding="UTF-8" ?>
<testsuite failures="0" time="0.016" errors="0" skipped="0" tests="4" name="com.infoplus.grc.accelus.regint.bdd.RunCukeTestsIT">
  <properties>
    <property name="java.runtime.name" value="Java(TM) SE Runtime Environment"/>
    <property name="sun.boot.library.path" value="F:\Program Files\Java\jdk1.7.0_17\jre\bin"/>
    <property name="java.vm.version" value="23.7-b01"/>
    <property name="java.vm.vendor" value="Oracle Corporation"/>
    <property name="java.vendor.url" value="http://java.oracle.com/"/>
    <property name="path.separator" value=";"/>
    <property name="guice.disable.misplaced.annotation.check" value="true"/>
    <property name="java.vm.name" value="Java HotSpot(TM) Client VM"/>
    <property name="file.encoding.pkg" value="sun.io"/>
    <property name="user.script" value=""/>
    <property name="user.country" value="US"/>
    <property name="sun.java.launcher" value="SUN_STANDARD"/>
    <property name="sun.os.patch.level" value="Service Pack 3"/>
    <property name="java.vm.specification.name" value="Java Virtual Machine Specification"/>
    <property name="user.dir" value="F:\Documents and Settings\User\Desktop\JavaTwo\veejay50-cucumber-jvm-test-infoplus"/>
    <property name="java.runtime.version" value="1.7.0_17-b02"/>
    <property name="java.awt.graphicsenv" value="sun.awt.Win32GraphicsEnvironment"/>
    <property name="java.endorsed.dirs" value="F:\Program Files\Java\jdk1.7.0_17\jre\lib\endorsed"/>
    <property name="os.arch" value="x86"/>
    <property name="java.io.tmpdir" value="F:\DOCUME~1\User\LOCALS~1\Temp\"/>
    <property name="line.separator" value="
"/>
    <property name="java.vm.specification.vendor" value="Oracle Corporation"/>
    <property name="user.variant" value=""/>
    <property name="os.name" value="Windows XP"/>
    <property name="classworlds.conf" value="F:\Documents and Settings\User\Desktop\JavaTwo\Workspace3Sept15\.metadata\.plugins\org.eclipse.m2e.launching\launches\m2conf519238699605269252.tmp"/>
    <property name="sun.jnu.encoding" value="Cp1252"/>
    <property name="java.library.path" value="F:\Program Files\Java\jdk1.7.0_17\bin;F:\WINDOWS\Sun\Java\bin;F:\WINDOWS\system32;F:\WINDOWS;F:/Program Files/Java/jre7/bin/client;F:/Program Files/Java/jre7/bin;F:/Program Files/Java/jre7/lib/i386;F:\Program Files\Git\git-cheetah\..\bin;F:\Program Files\Git\git-cheetah\..\bin;F:\Program Files\Git\git-cheetah\..\bin;F:\Program Files\Git\git-cheetah\..\bin;F:\Program Files\Git\git-cheetah\..\bin;F:\Program Files\Git\git-cheetah\..\bin;F:\Program Files\Git\git-cheetah\..\bin;F:\Program Files\Git\git-cheetah\..\bin;F:\Program Files\Git\git-cheetah\..\bin;F:\Program Files\Git\git-cheetah\..\bin;F:\Program Files\Git\git-cheetah\..\bin;F:\Program Files\Git\git-cheetah\..\bin;F:\Program Files\Git\git-cheetah\..\bin;F:\Program Files\Git\git-cheetah\..\bin;F:\Program Files\Git\git-cheetah\..\bin;F:\Program Files\Git\git-cheetah\..\bin;F:\Program Files\Git\git-cheetah\..\bin;F:\Program Files\Git\git-cheetah\..\bin;F:\Program Files\Git\git-cheetah\..\bin;F:\Program Files\Git\git-cheetah\..\bin;F:\Program Files\Git\git-cheetah\..\bin;F:\Program Files\Git\git-cheetah\..\bin;F:\Program Files\Git\git-cheetah\..\bin;F:\Program Files\Git\git-cheetah\..\bin;F:\Program Files\Git\git-cheetah\..\bin;F:\Program Files\Git\git-cheetah\..\bin;F:\Program Files\Git\git-cheetah\..\bin;F:\Program Files\Git\git-cheetah\..\bin;F:\Program Files\Git\git-cheetah\..\bin;F:\Program Files\Git\git-cheetah\..\bin;F:\Program Files\Git\git-cheetah\..\bin;F:\Program Files\Git\git-cheetah\..\bin;F:\Program Files\Git\git-cheetah\..\bin;F:\Program Files\Git\git-cheetah\..\bin;F:\Program Files\Git\git-cheetah\..\bin;F:\Program Files\Git\git-cheetah\..\bin;F:\Program Files\Git\git-cheetah\..\bin;F:\Ruby193\bin;F:\WINDOWS\system32;F:\WINDOWS;F:\WINDOWS\System32\Wbem;F:\Program Files\QuickTime\QTSystem\;F:\Program Files\Samsung\Samsung PC Studio 3\;F:\Program Files\Android\android-sdk\platform-tools;F:\Program Files\Android\android-sdk\tools;F:\Program Files\apache-ant-1.9.4\bin;F:\Program Files\Java\jdk1.7.0_17\bin;F:\ant\bin;F:\Documents and Settings\User\Desktop\JavaTwo\eclipse-jee-juno-SR2-win32\eclipse;;."/>
    <property name="java.specification.name" value="Java Platform API Specification"/>
    <property name="java.class.version" value="51.0"/>
    <property name="sun.management.compiler" value="HotSpot Client Compiler"/>
    <property name="os.version" value="5.1"/>
    <property name="user.home" value="F:\Documents and Settings\User"/>
    <property name="user.timezone" value="Europe/London"/>
    <property name="java.awt.printerjob" value="sun.awt.windows.WPrinterJob"/>
    <property name="java.specification.version" value="1.7"/>
    <property name="file.encoding" value="Cp1252"/>
    <property name="user.name" value="User"/>
    <property name="java.class.path" value="/F:/Documents and Settings/User/Desktop/JavaTwo/eclipse-jee-juno-SR2-win32/eclipse/configuration/org.eclipse.osgi/bundles/819/1/.cp/jars/plexus-classworlds-2.4.jar"/>
    <property name="java.vm.specification.version" value="1.7"/>
    <property name="sun.arch.data.model" value="32"/>
    <property name="java.home" value="F:\Program Files\Java\jdk1.7.0_17\jre"/>
    <property name="sun.java.command" value="org.codehaus.plexus.classworlds.launcher.Launcher -B install"/>
    <property name="java.specification.vendor" value="Oracle Corporation"/>
    <property name="user.language" value="en"/>
    <property name="awt.toolkit" value="sun.awt.windows.WToolkit"/>
    <property name="java.vm.info" value="mixed mode, sharing"/>
    <property name="java.version" value="1.7.0_17"/>
    <property name="java.ext.dirs" value="F:\Program Files\Java\jdk1.7.0_17\jre\lib\ext;F:\WINDOWS\Sun\Java\lib\ext"/>
    <property name="sun.boot.class.path" value="F:\Program Files\Java\jdk1.7.0_17\jre\lib\resources.jar;F:\Program Files\Java\jdk1.7.0_17\jre\lib\rt.jar;F:\Program Files\Java\jdk1.7.0_17\jre\lib\sunrsasign.jar;F:\Program Files\Java\jdk1.7.0_17\jre\lib\jsse.jar;F:\Program Files\Java\jdk1.7.0_17\jre\lib\jce.jar;F:\Program Files\Java\jdk1.7.0_17\jre\lib\charsets.jar;F:\Program Files\Java\jdk1.7.0_17\jre\lib\jfr.jar;F:\Program Files\Java\jdk1.7.0_17\jre\classes"/>
    <property name="java.vendor" value="Oracle Corporation"/>
    <property name="maven.home" value="F:\Documents and Settings\User\Desktop\JavaTwo\veejay50-cucumber-jvm-test-infoplus\EMBEDDED"/>
    <property name="file.separator" value="\"/>
    <property name="java.vendor.url.bug" value="http://bugreport.sun.com/bugreport/"/>
    <property name="maven.bootclasspath" value="/F:/Documents and Settings/User/Desktop/JavaTwo/eclipse-jee-juno-SR2-win32/eclipse/configuration/org.eclipse.osgi/bundles/819/1/.cp/jars/plexus-classworlds-2.4.jar"/>
    <property name="sun.cpu.endian" value="little"/>
    <property name="sun.io.unicode.encoding" value="UnicodeLittle"/>
    <property name="sun.desktop" value="windows"/>
    <property name="sun.cpu.isalist" value="pentium_pro+mmx pentium_pro pentium+mmx pentium i486 i386 i86"/>
  </properties>
  <testcase time="0" classname="Scenario: A user click on click here on heroku page" name="Given I am on Multiple Windows page of herokuapp website"/>
  <testcase time="0" classname="Scenario: A user click on click here on heroku page" name="When I click on Click Here"/>
  <testcase time="0" classname="Scenario: A user click on click here on heroku page" name="Then another browser tab window opens"/>
  <testcase time="0.016" classname="Scenario: A user click on click here on heroku page" name="Scenario: A user click on click here on heroku page"/>
</testsuite>